2025-07-03 00:19:16,146 - INFO - 日志文件: logs\20250703_binance_crypto.log
2025-07-03 00:19:16,147 - INFO - Binance加密货币分析系统已启动
2025-07-03 00:19:16,147 - INFO - 日志级别: INFO
2025-07-03 00:19:16,147 - INFO - 将运行 0.01 小时，每 1 分钟分析一次，预计 2025-07-03 00:19:52 结束
2025-07-03 00:19:16,148 - WARNING - 无法访问Binance API，将启用模拟数据模式
2025-07-03 00:19:16,148 - INFO - 已启用模拟数据模式
2025-07-03 00:19:16,148 - INFO - 未配置Binance API密钥，部分功能可能受限
2025-07-03 00:19:16,148 - INFO - 已启用模拟数据模式
2025-07-03 00:19:16,148 - INFO - API请求模式
2025-07-03 00:19:16,149 - INFO - 设置邮箱: 840137950@qq.com,3077463778@qq.com
2025-07-03 00:19:16,149 - INFO - 使用QQ邮箱: 840137950@qq.com
2025-07-03 00:19:16,149 - INFO - 使用预设QQ邮箱授权码
2025-07-03 00:19:16,149 - INFO - 开始第 1 次分析 | 剩余时间: 0小时0分钟35秒
2025-07-03 00:19:16,149 - INFO - 仅分析BTC和ETH模式
2025-07-03 00:19:16,149 - INFO - 开始分析比特币(BTC)...
2025-07-03 00:19:16,150 - INFO - 分析单个币种: bitcoin
2025-07-03 00:19:16,150 - INFO - 使用模拟数据: /api/v3/klines
2025-07-03 00:19:16,153 - INFO - 使用模拟数据: /api/v3/ticker/24hr
2025-07-03 00:19:16,156 - INFO - bitcoin 分析完成: RSI=31.52, 趋势=上涨, 建议=买入
2025-07-03 00:19:16,156 - INFO - BTC分析结果: 价格=$50000.00, 24h变化=-0.05%, RSI=31.52, 趋势=上涨, 建议=买入
2025-07-03 00:19:16,156 - INFO - 开始分析以太坊(ETH)...
2025-07-03 00:19:16,157 - INFO - 分析单个币种: ethereum
2025-07-03 00:19:16,157 - INFO - 使用模拟数据: /api/v3/klines
2025-07-03 00:19:16,158 - INFO - 使用模拟数据: /api/v3/ticker/24hr
2025-07-03 00:19:16,160 - INFO - ethereum 分析完成: RSI=30.08, 趋势=强势下跌, 建议=买入
2025-07-03 00:19:16,161 - INFO - ETH分析结果: 价格=$3000.00, 24h变化=-4.35%, RSI=30.08, 趋势=强势下跌, 建议=买入
2025-07-03 00:19:16,161 - INFO - 尝试发送BTC/ETH邮件通知...
2025-07-03 00:19:16,161 - INFO - 尝试发送BTC/ETH分析结果到: 840137950@qq.com
2025-07-03 00:19:16,161 - INFO - 通过 qq 邮箱发送邮件到 840137950@qq.com
2025-07-03 00:19:17,103 - INFO - 已成功发送到 840137950@qq.com
2025-07-03 00:19:17,103 - INFO - 成功发送BTC/ETH分析结果到: 840137950@qq.com
2025-07-03 00:19:17,103 - INFO - 尝试发送BTC/ETH分析结果到: 3077463778@qq.com
2025-07-03 00:19:17,104 - INFO - 通过 qq 邮箱发送邮件到 3077463778@qq.com
2025-07-03 00:19:18,041 - INFO - 已成功发送到 3077463778@qq.com
2025-07-03 00:19:18,041 - INFO - 成功发送BTC/ETH分析结果到: 3077463778@qq.com
2025-07-03 00:19:18,041 - INFO - 邮件发送结果: 成功
2025-07-03 00:19:18,041 - INFO - 等待 1 分钟到下次分析... (预计 00:20:18 开始)
2025-07-03 00:20:18,045 - INFO - 分析完成，共运行 1 次
