2025-07-02 22:20:49,433 - INFO - 日志文件: logs\20250702_binance_crypto.log
2025-07-02 22:20:49,434 - INFO - Binance加密货币分析系统已启动
2025-07-02 22:20:49,434 - INFO - 日志级别: INFO
2025-07-02 22:20:49,434 - INFO - 将运行 0.01 小时，每 1 分钟分析一次，预计 2025-07-02 22:21:25 结束
2025-07-02 22:20:49,435 - INFO - 使用模拟数据模式
2025-07-02 22:20:49,435 - WARNING - 无法访问Binance API，将启用模拟数据模式
2025-07-02 22:20:49,435 - INFO - 已启用模拟数据模式
2025-07-02 22:20:49,435 - INFO - 未配置Binance API密钥，部分功能可能受限
2025-07-02 22:20:49,436 - INFO - 已启用模拟数据模式
2025-07-02 22:20:49,436 - INFO - 已启用模拟数据模式
2025-07-02 22:20:49,436 - INFO - API请求模式
2025-07-02 22:20:49,437 - INFO - 设置邮箱: 840137950@qq.com,3077463778@qq.com
2025-07-02 22:20:49,437 - INFO - 使用QQ邮箱: 840137950@qq.com
2025-07-02 22:20:49,437 - INFO - 使用预设QQ邮箱授权码
2025-07-02 22:20:49,437 - INFO - 开始第 1 次分析 | 剩余时间: 0小时0分钟35秒
2025-07-02 22:20:49,437 - INFO - 仅分析BTC和ETH模式
2025-07-02 22:20:49,438 - INFO - 开始分析比特币(BTC)...
2025-07-02 22:20:49,438 - INFO - 分析单个币种: bitcoin
2025-07-02 22:20:49,438 - INFO - 使用模拟数据: /api/v3/klines
2025-07-02 22:20:49,443 - INFO - 使用模拟数据: /api/v3/ticker/24hr
2025-07-02 22:20:49,447 - INFO - bitcoin 分析完成: RSI=77.96, 趋势=强势上涨, 建议=Hold
2025-07-02 22:20:49,447 - INFO - BTC分析结果: 价格=$50000.00, 24h变化=-1.76%, RSI=77.96, 趋势=强势上涨, 建议=Hold
2025-07-02 22:20:49,447 - INFO - 开始分析以太坊(ETH)...
2025-07-02 22:20:49,447 - INFO - 分析单个币种: ethereum
2025-07-02 22:20:49,447 - INFO - 使用模拟数据: /api/v3/klines
2025-07-02 22:20:49,449 - INFO - 使用模拟数据: /api/v3/ticker/24hr
2025-07-02 22:20:49,454 - INFO - ethereum 分析完成: RSI=51.74, 趋势=强势上涨, 建议=Hold
2025-07-02 22:20:49,454 - INFO - ETH分析结果: 价格=$3000.00, 24h变化=1.70%, RSI=51.74, 趋势=强势上涨, 建议=Hold
2025-07-02 22:20:49,454 - INFO - 尝试发送BTC/ETH邮件通知...
2025-07-02 22:20:49,455 - INFO - 尝试发送BTC/ETH分析结果到: 840137950@qq.com
2025-07-02 22:20:49,455 - INFO - 通过 qq 邮箱发送邮件到 840137950@qq.com
2025-07-02 22:20:50,658 - INFO - 已成功发送到 840137950@qq.com
2025-07-02 22:20:50,658 - INFO - 成功发送BTC/ETH分析结果到: 840137950@qq.com
2025-07-02 22:20:50,658 - INFO - 尝试发送BTC/ETH分析结果到: 3077463778@qq.com
2025-07-02 22:20:50,658 - INFO - 通过 qq 邮箱发送邮件到 3077463778@qq.com
2025-07-02 22:20:51,506 - INFO - 已成功发送到 3077463778@qq.com
2025-07-02 22:20:51,507 - INFO - 成功发送BTC/ETH分析结果到: 3077463778@qq.com
2025-07-02 22:20:51,507 - INFO - 邮件发送结果: 成功
2025-07-02 22:20:51,507 - INFO - 等待 1 分钟到下次分析... (预计 22:21:51 开始)
2025-07-02 22:21:51,512 - INFO - 分析完成，共运行 1 次
2025-07-02 22:21:52,424 - INFO - 日志文件: logs\20250702_binance_crypto.log
2025-07-02 22:21:52,426 - INFO - Binance加密货币分析系统已启动
2025-07-02 22:21:52,426 - INFO - 日志级别: INFO
2025-07-02 22:21:52,426 - INFO - 将运行 0.01 小时，每 1 分钟分析一次，预计 2025-07-02 22:22:28 结束
2025-07-02 22:21:52,426 - INFO - 使用模拟数据模式
2025-07-02 22:21:52,426 - WARNING - 无法访问Binance API，将启用模拟数据模式
2025-07-02 22:21:52,426 - INFO - 已启用模拟数据模式
2025-07-02 22:21:52,426 - INFO - 未配置Binance API密钥，部分功能可能受限
2025-07-02 22:21:52,426 - INFO - 已启用模拟数据模式
2025-07-02 22:21:52,427 - INFO - 已启用模拟数据模式
2025-07-02 22:21:52,427 - INFO - API请求模式
2025-07-02 22:21:52,427 - INFO - 设置邮箱: 840137950@qq.com,3077463778@qq.com
2025-07-02 22:21:52,427 - INFO - 使用QQ邮箱: 840137950@qq.com
2025-07-02 22:21:52,427 - INFO - 使用预设QQ邮箱授权码
2025-07-02 22:21:52,427 - INFO - 开始第 1 次分析 | 剩余时间: 0小时0分钟35秒
2025-07-02 22:21:52,428 - INFO - 仅分析BTC和ETH模式
2025-07-02 22:21:52,428 - INFO - 开始分析比特币(BTC)...
2025-07-02 22:21:52,428 - INFO - 分析单个币种: bitcoin
2025-07-02 22:21:52,428 - INFO - 使用模拟数据: /api/v3/klines
2025-07-02 22:21:52,431 - INFO - 使用模拟数据: /api/v3/ticker/24hr
2025-07-02 22:21:52,434 - INFO - bitcoin 分析完成: RSI=77.91, 趋势=强势上涨, 建议=Hold
2025-07-02 22:21:52,435 - INFO - BTC分析结果: 价格=$50000.00, 24h变化=-2.82%, RSI=77.91, 趋势=强势上涨, 建议=Hold
2025-07-02 22:21:52,435 - INFO - 开始分析以太坊(ETH)...
2025-07-02 22:21:52,435 - INFO - 分析单个币种: ethereum
2025-07-02 22:21:52,435 - INFO - 使用模拟数据: /api/v3/klines
2025-07-02 22:21:52,437 - INFO - 使用模拟数据: /api/v3/ticker/24hr
2025-07-02 22:21:52,440 - INFO - ethereum 分析完成: RSI=55.99, 趋势=强势下跌, 建议=Hold
2025-07-02 22:21:52,440 - INFO - ETH分析结果: 价格=$3000.00, 24h变化=-1.62%, RSI=55.99, 趋势=强势下跌, 建议=Hold
2025-07-02 22:21:52,440 - INFO - 尝试发送BTC/ETH邮件通知...
2025-07-02 22:21:52,440 - INFO - 尝试发送BTC/ETH分析结果到: 840137950@qq.com
2025-07-02 22:21:52,440 - INFO - 通过 qq 邮箱发送邮件到 840137950@qq.com
2025-07-02 22:21:53,355 - INFO - 已成功发送到 840137950@qq.com
2025-07-02 22:21:53,356 - INFO - 成功发送BTC/ETH分析结果到: 840137950@qq.com
2025-07-02 22:21:53,356 - INFO - 尝试发送BTC/ETH分析结果到: 3077463778@qq.com
2025-07-02 22:21:53,356 - INFO - 通过 qq 邮箱发送邮件到 3077463778@qq.com
2025-07-02 22:21:54,278 - INFO - 已成功发送到 3077463778@qq.com
2025-07-02 22:21:54,278 - INFO - 成功发送BTC/ETH分析结果到: 3077463778@qq.com
2025-07-02 22:21:54,279 - INFO - 邮件发送结果: 成功
2025-07-02 22:21:54,279 - INFO - 等待 1 分钟到下次分析... (预计 22:22:54 开始)
2025-07-02 22:22:54,284 - INFO - 分析完成，共运行 1 次
